[
  {
    userId: '6849e3e235c22b05d14a29bb',
    socketId: 'pqK8nbos41iKXuQuAAAD'
  }
]
[
  {
    userId: '6849e3e235c22b05d14a29bb',
    socketId: 'pqK8nbos41iKXuQuAAAD'
  },
  {
    userId: '68bc7da960854d0c10064b75',
    socketId: 'wfZs8zrzP_wgb22XAAAH'
  }
]
[
  {
    userId: '6849e3e235c22b05d14a29bb',
    socketId: 'pqK8nbos41iKXuQuAAAD'
  },
  {
    userId: '68bc7da960854d0c10064b75',
    socketId: '224KfwvhKV-wJ8e8AAAL'
  }
]
[
  {
    userId: '6849e3e235c22b05d14a29bb',
    socketId: 'pqK8nbos41iKXuQuAAAD'
  },
  {
    userId: '68bc7da960854d0c10064b75',
    socketId: 'qNtVvGZ1vKwf4fIAAAAP'
  }
]
[
  {
    userId: '6849e3e235c22b05d14a29bb',
    socketId: 'pqK8nbos41iKXuQuAAAD'
  },
  {
    userId: '68bc7da960854d0c10064b75',
    socketId: 'xt0NncigIb6XcG5IAAAT'
  }
]
[
  {
    userId: '6849e3e235c22b05d14a29bb',
    socketId: 'pqK8nbos41iKXuQuAAAD'
  },
  {
    userId: '68bc7da960854d0c10064b75',
    socketId: '7Xw_z0w96m5gLfJDAAAX'
  }
]
[
  {
    userId: '6849e3e235c22b05d14a29bb',
    socketId: 'pqK8nbos41iKXuQuAAAD'
  },
  {
    userId: '68bc7da960854d0c10064b75',
    socketId: 'omOLNFQXaxsPOls7AAAb'
  }
]
[
  {
    userId: '6849e3e235c22b05d14a29bb',
    socketId: 'pqK8nbos41iKXuQuAAAD'
  },
  {
    userId: '68bc7da960854d0c10064b75',
    socketId: '5oA95tFO4fpeFgjgAAAf'
  }
]
[
  {
    userId: '6849e3e235c22b05d14a29bb',
    socketId: 'pqK8nbos41iKXuQuAAAD'
  },
  {
    userId: '68bc7da960854d0c10064b75',
    socketId: '9ibMBEQRjDCEL6aIAAAj'
  }
]
[
  {
    userId: '6849e3e235c22b05d14a29bb',
    socketId: 'pqK8nbos41iKXuQuAAAD'
  },
  {
    userId: '68bc7da960854d0c10064b75',
    socketId: 'MveF5nK9G3fjmY8AAAAn'
  }
]
[
  {
    userId: '6849e3e235c22b05d14a29bb',
    socketId: 'pqK8nbos41iKXuQuAAAD'
  },
  {
    userId: '68bc7da960854d0c10064b75',
    socketId: 'MveF5nK9G3fjmY8AAAAn'
  }
]
[
  {
    userId: '6849e3e235c22b05d14a29bb',
    socketId: 'pqK8nbos41iKXuQuAAAD'
  },
  {
    userId: '68bc7da960854d0c10064b75',
    socketId: '9Rh0troH6xUCCq4tAAAr'
  }
]
[
  {
    userId: '6849e3e235c22b05d14a29bb',
    socketId: 'pqK8nbos41iKXuQuAAAD'
  },
  {
    userId: '68bc7da960854d0c10064b75',
    socketId: 'Yy4E-BVD8XdLYFsfAAAv'
  }
]
[
  {
    userId: '6849e3e235c22b05d14a29bb',
    socketId: 'pqK8nbos41iKXuQuAAAD'
  },
  {
    userId: '68bc7da960854d0c10064b75',
    socketId: '8WKIjjm69SexeM73AAAz'
  }
]
[
  {
    userId: '6849e3e235c22b05d14a29bb',
    socketId: 'pqK8nbos41iKXuQuAAAD'
  },
  {
    userId: '68bc7da960854d0c10064b75',
    socketId: 's5E2WC9ICrsWyPKrAAA3'
  }
]
